<?xml version="1.0" encoding="UTF-8"?>
<!-- Generated by org.testng.reporters.JUnitReportReporter -->
<testsuite hostname="DESKTOP-R0NL5GO" failures="0" tests="1" name="com.mil.mavenGitHub.FacebookTest" time="6.816" errors="0" timestamp="2022-05-14T21:23:37 EDT" skipped="0">
  <testcase classname="com.mil.mavenGitHub.FacebookTest" name="facebookTest" time="6.816"/>
  <system-out/>
</testsuite> <!-- com.mil.mavenGitHub.FacebookTest -->
