<?xml version="1.0" encoding="UTF-8"?>
<!-- Generated by org.testng.reporters.JUnitReportReporter -->
<<<<<<< HEAD
<<<<<<< HEAD
<<<<<<< HEAD
<<<<<<< HEAD
<testsuite hostname="DESKTOP-R0NL5GO" failures="0" tests="2" name="com.mil.mavenGitHub.FacebookTest" time="12.245" errors="0" timestamp="2022-05-20T20:03:39 EDT" skipped="0">
  <testcase classname="com.mil.mavenGitHub.FacebookTest" name="facebookTitleTest" time="8.622"/>
  <system-out/>
  <testcase classname="com.mil.mavenGitHub.FacebookTest" name="facebookUrlTest" time="3.623"/>
=======
<testsuite hostname="DESKTOP-R0NL5GO" failures="0" tests="2" name="com.mil.mavenGitHub.FacebookTest" time="13.252" errors="0" timestamp="2022-05-21T15:56:28 EDT" skipped="0">
  <testcase classname="com.mil.mavenGitHub.FacebookTest" name="facebookTitleTest" time="9.354"/>
  <system-out/>
  <testcase classname="com.mil.mavenGitHub.FacebookTest" name="facebookUrlTest" time="3.898"/>
>>>>>>> 604f371f57b2cfbf193f7265fcbd6a1a16021129
=======
<testsuite hostname="DESKTOP-R0NL5GO" failures="0" tests="2" name="com.mil.mavenGitHub.FacebookTest" time="11.557" errors="0" timestamp="2022-05-21T17:01:51 EDT" skipped="0">
  <testcase classname="com.mil.mavenGitHub.FacebookTest" name="facebookTitleTest" time="7.528"/>
  <system-out/>
  <testcase classname="com.mil.mavenGitHub.FacebookTest" name="facebookUrlTest" time="4.029"/>
>>>>>>> 07200497779b5f197278d8baeb018b01630f0e89
=======
<testsuite hostname="DESKTOP-R0NL5GO" failures="0" tests="2" name="com.mil.mavenGitHub.FacebookTest" time="11.618" errors="0" timestamp="2022-05-21T17:37:17 EDT" skipped="0">
  <testcase classname="com.mil.mavenGitHub.FacebookTest" name="facebookUrlTest" time="7.685"/>
  <system-out/>
  <testcase classname="com.mil.mavenGitHub.FacebookTest" name="facebookTitleTest" time="3.933"/>
>>>>>>> 4360b9b0dc28218ccc3c5d8da5accde8078058b2
=======
<testsuite hostname="DESKTOP-R0NL5GO" failures="0" tests="2" name="com.mil.mavenGitHub.FacebookTest" time="10.807" errors="0" timestamp="2022-05-21T16:08:19 EDT" skipped="0">
  <testcase classname="com.mil.mavenGitHub.FacebookTest" name="facebookUrlTest" time="6.691"/>
  <system-out/>
  <testcase classname="com.mil.mavenGitHub.FacebookTest" name="facebookTitleTest" time="4.116"/>
>>>>>>> feature
  <system-out/>
</testsuite> <!-- com.mil.mavenGitHub.FacebookTest -->
