<?xml version="1.0" encoding="UTF-8"?>
<!-- Generated by org.testng.reporters.JUnitReportReporter -->
<testsuite hostname="DESKTOP-R0NL5GO" failures="0" tests="2" name="com.mil.mavenGitHub.FacebookTest" time="11.618" errors="0" timestamp="2022-05-21T17:37:17 EDT" skipped="0">
  <testcase classname="com.mil.mavenGitHub.FacebookTest" name="facebookUrlTest" time="7.685"/>
  <system-out/>
  <testcase classname="com.mil.mavenGitHub.FacebookTest" name="facebookTitleTest" time="3.933"/>
  <system-out/>
</testsuite> <!-- com.mil.mavenGitHub.FacebookTest -->
