<?xml version="1.0" encoding="UTF-8"?>
<!-- Generated by org.testng.reporters.JUnitReportReporter -->
<testsuite hostname="DESKTOP-R0NL5GO" failures="0" tests="2" name="com.mil.mavenGitHub.FacebookTest" time="10.807" errors="0" timestamp="2022-05-21T16:08:19 EDT" skipped="0">
  <testcase classname="com.mil.mavenGitHub.FacebookTest" name="facebookUrlTest" time="6.691"/>
  <system-out/>
  <testcase classname="com.mil.mavenGitHub.FacebookTest" name="facebookTitleTest" time="4.116"/>
  <system-out/>
</testsuite> <!-- com.mil.mavenGitHub.FacebookTest -->
