<?xml version="1.0" encoding="UTF-8"?>
<!-- Generated by org.testng.reporters.JUnitReportReporter -->
<testsuite hostname="DESKTOP-R0NL5GO" failures="0" tests="2" name="com.mil.mavenGitHub.FacebookTest" time="16.917" errors="0" timestamp="2022-05-22T18:39:44 EDT" skipped="0">
  <testcase classname="com.mil.mavenGitHub.FacebookTest" name="facebookUrlTest" time="11.248"/>
  <system-out/>
  <testcase classname="com.mil.mavenGitHub.FacebookTest" name="facebookTitleTest" time="5.669"/>
  <system-out/>
</testsuite> <!-- com.mil.mavenGitHub.FacebookTest -->
