<?xml version="1.0" encoding="UTF-8"?>
<!-- Generated by org.testng.reporters.JUnitReportReporter -->
<<<<<<< HEAD
<testsuite hostname="DESKTOP-R0NL5GO" failures="0" tests="2" name="com.mil.mavenGitHub.FacebookTest" time="12.245" errors="0" timestamp="2022-05-20T20:03:39 EDT" skipped="0">
  <testcase classname="com.mil.mavenGitHub.FacebookTest" name="facebookTitleTest" time="8.622"/>
  <system-out/>
  <testcase classname="com.mil.mavenGitHub.FacebookTest" name="facebookUrlTest" time="3.623"/>
=======
<testsuite hostname="DESKTOP-R0NL5GO" failures="0" tests="2" name="com.mil.mavenGitHub.FacebookTest" time="13.252" errors="0" timestamp="2022-05-21T15:56:28 EDT" skipped="0">
  <testcase classname="com.mil.mavenGitHub.FacebookTest" name="facebookTitleTest" time="9.354"/>
  <system-out/>
  <testcase classname="com.mil.mavenGitHub.FacebookTest" name="facebookUrlTest" time="3.898"/>
>>>>>>> 604f371f57b2cfbf193f7265fcbd6a1a16021129
  <system-out/>
</testsuite> <!-- com.mil.mavenGitHub.FacebookTest -->
