<?xml version="1.0" encoding="UTF-8"?>
<!-- Generated by org.testng.reporters.JUnitReportReporter -->
<testsuite hostname="DESKTOP-R0NL5GO" failures="0" tests="1" name="com.mil.mavenGitHub.FacebookTest" time="5.418" errors="0" timestamp="2022-05-14T20:57:25 EDT" skipped="0">
  <testcase classname="com.mil.mavenGitHub.FacebookTest" name="facebookTest" time="5.418"/>
  <system-out/>
</testsuite> <!-- com.mil.mavenGitHub.FacebookTest -->
